<?xml version="1.0" encoding="utf-8"?>
<jslint>
	<file name="../../../../src/client/plugins/html2canvas.js">
		<issue line="18" char="59" reason="Expected an assignment or function call and instead saw an expression." evidence="(function(){function r(a,b){n[l]=a;n[l+1]=b;l+=2;2===l&amp;&amp;A()}function s(a){return&quot;function&quot;===typeof a}function F(){return function(){process.nextTick(t)}}function G(){var a=0,b=new B(t),c=document.createTextNode(&quot;&quot;);b.observe(c,{characterData:!0});return function(){c.data=a=++a%2}}function H(){var a=new MessageChannel;a.port1.onmessage=t;return function(){a.port2.postMessage(0)}}function I(){return function(){setTimeout(t,1)}}function t(){for(var a=0;a&lt;l;a+=2)(0,n[a])(n[a+1]),n[a]=void 0,n[a+1]=void 0;" severity="W" />
		<issue line="18" char="60" reason="Missing semicolon." evidence="(function(){function r(a,b){n[l]=a;n[l+1]=b;l+=2;2===l&amp;&amp;A()}function s(a){return&quot;function&quot;===typeof a}function F(){return function(){process.nextTick(t)}}function G(){var a=0,b=new B(t),c=document.createTextNode(&quot;&quot;);b.observe(c,{characterData:!0});return function(){c.data=a=++a%2}}function H(){var a=new MessageChannel;a.port1.onmessage=t;return function(){a.port2.postMessage(0)}}function I(){return function(){setTimeout(t,1)}}function t(){for(var a=0;a&lt;l;a+=2)(0,n[a])(n[a+1]),n[a]=void 0,n[a+1]=void 0;" severity="W" />
		<issue line="18" char="102" reason="Missing semicolon." evidence="(function(){function r(a,b){n[l]=a;n[l+1]=b;l+=2;2===l&amp;&amp;A()}function s(a){return&quot;function&quot;===typeof a}function F(){return function(){process.nextTick(t)}}function G(){var a=0,b=new B(t),c=document.createTextNode(&quot;&quot;);b.observe(c,{characterData:!0});return function(){c.data=a=++a%2}}function H(){var a=new MessageChannel;a.port1.onmessage=t;return function(){a.port2.postMessage(0)}}function I(){return function(){setTimeout(t,1)}}function t(){for(var a=0;a&lt;l;a+=2)(0,n[a])(n[a+1]),n[a]=void 0,n[a+1]=void 0;" severity="W" />
		<issue line="18" char="153" reason="Missing semicolon." evidence="(function(){function r(a,b){n[l]=a;n[l+1]=b;l+=2;2===l&amp;&amp;A()}function s(a){return&quot;function&quot;===typeof a}function F(){return function(){process.nextTick(t)}}function G(){var a=0,b=new B(t),c=document.createTextNode(&quot;&quot;);b.observe(c,{characterData:!0});return function(){c.data=a=++a%2}}function H(){var a=new MessageChannel;a.port1.onmessage=t;return function(){a.port2.postMessage(0)}}function I(){return function(){setTimeout(t,1)}}function t(){for(var a=0;a&lt;l;a+=2)(0,n[a])(n[a+1]),n[a]=void 0,n[a+1]=void 0;" severity="W" />
		<issue line="18" char="154" reason="Missing semicolon." evidence="(function(){function r(a,b){n[l]=a;n[l+1]=b;l+=2;2===l&amp;&amp;A()}function s(a){return&quot;function&quot;===typeof a}function F(){return function(){process.nextTick(t)}}function G(){var a=0,b=new B(t),c=document.createTextNode(&quot;&quot;);b.observe(c,{characterData:!0});return function(){c.data=a=++a%2}}function H(){var a=new MessageChannel;a.port1.onmessage=t;return function(){a.port2.postMessage(0)}}function I(){return function(){setTimeout(t,1)}}function t(){for(var a=0;a&lt;l;a+=2)(0,n[a])(n[a+1]),n[a]=void 0,n[a+1]=void 0;" severity="W" />
		<issue line="18" char="281" reason="Missing semicolon." evidence="(function(){function r(a,b){n[l]=a;n[l+1]=b;l+=2;2===l&amp;&amp;A()}function s(a){return&quot;function&quot;===typeof a}function F(){return function(){process.nextTick(t)}}function G(){var a=0,b=new B(t),c=document.createTextNode(&quot;&quot;);b.observe(c,{characterData:!0});return function(){c.data=a=++a%2}}function H(){var a=new MessageChannel;a.port1.onmessage=t;return function(){a.port2.postMessage(0)}}function I(){return function(){setTimeout(t,1)}}function t(){for(var a=0;a&lt;l;a+=2)(0,n[a])(n[a+1]),n[a]=void 0,n[a+1]=void 0;" severity="W" />
		<issue line="18" char="282" reason="Missing semicolon." evidence="(function(){function r(a,b){n[l]=a;n[l+1]=b;l+=2;2===l&amp;&amp;A()}function s(a){return&quot;function&quot;===typeof a}function F(){return function(){process.nextTick(t)}}function G(){var a=0,b=new B(t),c=document.createTextNode(&quot;&quot;);b.observe(c,{characterData:!0});return function(){c.data=a=++a%2}}function H(){var a=new MessageChannel;a.port1.onmessage=t;return function(){a.port2.postMessage(0)}}function I(){return function(){setTimeout(t,1)}}function t(){for(var a=0;a&lt;l;a+=2)(0,n[a])(n[a+1]),n[a]=void 0,n[a+1]=void 0;" severity="W" />
		<issue line="18" char="306" reason="Missing &apos;()&apos; invoking a constructor." evidence="(function(){function r(a,b){n[l]=a;n[l+1]=b;l+=2;2===l&amp;&amp;A()}function s(a){return&quot;function&quot;===typeof a}function F(){return function(){process.nextTick(t)}}function G(){var a=0,b=new B(t),c=document.createTextNode(&quot;&quot;);b.observe(c,{characterData:!0});return function(){c.data=a=++a%2}}function H(){var a=new MessageChannel;a.port1.onmessage=t;return function(){a.port2.postMessage(0)}}function I(){return function(){setTimeout(t,1)}}function t(){for(var a=0;a&lt;l;a+=2)(0,n[a])(n[a+1]),n[a]=void 0,n[a+1]=void 0;" severity="W" />
		<issue line="18" char="381" reason="Missing semicolon." evidence="(function(){function r(a,b){n[l]=a;n[l+1]=b;l+=2;2===l&amp;&amp;A()}function s(a){return&quot;function&quot;===typeof a}function F(){return function(){process.nextTick(t)}}function G(){var a=0,b=new B(t),c=document.createTextNode(&quot;&quot;);b.observe(c,{characterData:!0});return function(){c.data=a=++a%2}}function H(){var a=new MessageChannel;a.port1.onmessage=t;return function(){a.port2.postMessage(0)}}function I(){return function(){setTimeout(t,1)}}function t(){for(var a=0;a&lt;l;a+=2)(0,n[a])(n[a+1]),n[a]=void 0,n[a+1]=void 0;" severity="W" />
		<issue line="18" char="382" reason="Missing semicolon." evidence="(function(){function r(a,b){n[l]=a;n[l+1]=b;l+=2;2===l&amp;&amp;A()}function s(a){return&quot;function&quot;===typeof a}function F(){return function(){process.nextTick(t)}}function G(){var a=0,b=new B(t),c=document.createTextNode(&quot;&quot;);b.observe(c,{characterData:!0});return function(){c.data=a=++a%2}}function H(){var a=new MessageChannel;a.port1.onmessage=t;return function(){a.port2.postMessage(0)}}function I(){return function(){setTimeout(t,1)}}function t(){for(var a=0;a&lt;l;a+=2)(0,n[a])(n[a+1]),n[a]=void 0,n[a+1]=void 0;" severity="W" />
		<issue line="18" char="429" reason="Missing semicolon." evidence="(function(){function r(a,b){n[l]=a;n[l+1]=b;l+=2;2===l&amp;&amp;A()}function s(a){return&quot;function&quot;===typeof a}function F(){return function(){process.nextTick(t)}}function G(){var a=0,b=new B(t),c=document.createTextNode(&quot;&quot;);b.observe(c,{characterData:!0});return function(){c.data=a=++a%2}}function H(){var a=new MessageChannel;a.port1.onmessage=t;return function(){a.port2.postMessage(0)}}function I(){return function(){setTimeout(t,1)}}function t(){for(var a=0;a&lt;l;a+=2)(0,n[a])(n[a+1]),n[a]=void 0,n[a+1]=void 0;" severity="W" />
		<issue line="18" char="430" reason="Missing semicolon." evidence="(function(){function r(a,b){n[l]=a;n[l+1]=b;l+=2;2===l&amp;&amp;A()}function s(a){return&quot;function&quot;===typeof a}function F(){return function(){process.nextTick(t)}}function G(){var a=0,b=new B(t),c=document.createTextNode(&quot;&quot;);b.observe(c,{characterData:!0});return function(){c.data=a=++a%2}}function H(){var a=new MessageChannel;a.port1.onmessage=t;return function(){a.port2.postMessage(0)}}function I(){return function(){setTimeout(t,1)}}function t(){for(var a=0;a&lt;l;a+=2)(0,n[a])(n[a+1]),n[a]=void 0,n[a+1]=void 0;" severity="W" />
		<issue line="18" char="473" reason="Bad invocation." evidence="(function(){function r(a,b){n[l]=a;n[l+1]=b;l+=2;2===l&amp;&amp;A()}function s(a){return&quot;function&quot;===typeof a}function F(){return function(){process.nextTick(t)}}function G(){var a=0,b=new B(t),c=document.createTextNode(&quot;&quot;);b.observe(c,{characterData:!0});return function(){c.data=a=++a%2}}function H(){var a=new MessageChannel;a.port1.onmessage=t;return function(){a.port2.postMessage(0)}}function I(){return function(){setTimeout(t,1)}}function t(){for(var a=0;a&lt;l;a+=2)(0,n[a])(n[a+1]),n[a]=void 0,n[a+1]=void 0;" severity="W" />
		<issue line="18" char="506" reason="Expected an assignment or function call and instead saw an expression." evidence="(function(){function r(a,b){n[l]=a;n[l+1]=b;l+=2;2===l&amp;&amp;A()}function s(a){return&quot;function&quot;===typeof a}function F(){return function(){process.nextTick(t)}}function G(){var a=0,b=new B(t),c=document.createTextNode(&quot;&quot;);b.observe(c,{characterData:!0});return function(){c.data=a=++a%2}}function H(){var a=new MessageChannel;a.port1.onmessage=t;return function(){a.port2.postMessage(0)}}function I(){return function(){setTimeout(t,1)}}function t(){for(var a=0;a&lt;l;a+=2)(0,n[a])(n[a+1]),n[a]=void 0,n[a+1]=void 0;" severity="W" />
		<issue line="19" char="4" reason="Missing semicolon." evidence="l=0}function p(){}function J(a,b,c,d){try{a.call(b,c,d)}catch(e){return e}}function K(a,b,c){r(function(a){var e=!1,f=J(c,b,function(c){e||(e=!0,b!==c?q(a,c):m(a,c))},function(b){e||(e=!0,g(a,b))});!e&amp;&amp;f&amp;&amp;(e=!0,g(a,f))},a)}function L(a,b){1===b.a?m(a,b.b):2===a.a?g(a,b.b):u(b,void 0,function(b){q(a,b)},function(b){g(a,b)})}function q(a,b){if(a===b)g(a,new TypeError(&quot;You cannot resolve a promise with itself&quot;));else if(&quot;function&quot;===typeof b||&quot;object&quot;===typeof b&amp;&amp;null!==b)if(b.constructor===a.constructor)L(a," severity="W" />
		<issue line="19" char="56" reason="Missing semicolon." evidence="l=0}function p(){}function J(a,b,c,d){try{a.call(b,c,d)}catch(e){return e}}function K(a,b,c){r(function(a){var e=!1,f=J(c,b,function(c){e||(e=!0,b!==c?q(a,c):m(a,c))},function(b){e||(e=!0,g(a,b))});!e&amp;&amp;f&amp;&amp;(e=!0,g(a,f))},a)}function L(a,b){1===b.a?m(a,b.b):2===a.a?g(a,b.b):u(b,void 0,function(b){q(a,b)},function(b){g(a,b)})}function q(a,b){if(a===b)g(a,new TypeError(&quot;You cannot resolve a promise with itself&quot;));else if(&quot;function&quot;===typeof b||&quot;object&quot;===typeof b&amp;&amp;null!==b)if(b.constructor===a.constructor)L(a," severity="W" />
		<issue line="19" char="74" reason="Missing semicolon." evidence="l=0}function p(){}function J(a,b,c,d){try{a.call(b,c,d)}catch(e){return e}}function K(a,b,c){r(function(a){var e=!1,f=J(c,b,function(c){e||(e=!0,b!==c?q(a,c):m(a,c))},function(b){e||(e=!0,g(a,b))});!e&amp;&amp;f&amp;&amp;(e=!0,g(a,f))},a)}function L(a,b){1===b.a?m(a,b.b):2===a.a?g(a,b.b):u(b,void 0,function(b){q(a,b)},function(b){g(a,b)})}function q(a,b){if(a===b)g(a,new TypeError(&quot;You cannot resolve a promise with itself&quot;));else if(&quot;function&quot;===typeof b||&quot;object&quot;===typeof b&amp;&amp;null!==b)if(b.constructor===a.constructor)L(a," severity="W" />
		<issue line="19" char="165" reason="Expected an assignment or function call and instead saw an expression." evidence="l=0}function p(){}function J(a,b,c,d){try{a.call(b,c,d)}catch(e){return e}}function K(a,b,c){r(function(a){var e=!1,f=J(c,b,function(c){e||(e=!0,b!==c?q(a,c):m(a,c))},function(b){e||(e=!0,g(a,b))});!e&amp;&amp;f&amp;&amp;(e=!0,g(a,f))},a)}function L(a,b){1===b.a?m(a,b.b):2===a.a?g(a,b.b):u(b,void 0,function(b){q(a,b)},function(b){g(a,b)})}function q(a,b){if(a===b)g(a,new TypeError(&quot;You cannot resolve a promise with itself&quot;));else if(&quot;function&quot;===typeof b||&quot;object&quot;===typeof b&amp;&amp;null!==b)if(b.constructor===a.constructor)L(a," severity="W" />
		<issue line="19" char="166" reason="Missing semicolon." evidence="l=0}function p(){}function J(a,b,c,d){try{a.call(b,c,d)}catch(e){return e}}function K(a,b,c){r(function(a){var e=!1,f=J(c,b,function(c){e||(e=!0,b!==c?q(a,c):m(a,c))},function(b){e||(e=!0,g(a,b))});!e&amp;&amp;f&amp;&amp;(e=!0,g(a,f))},a)}function L(a,b){1===b.a?m(a,b.b):2===a.a?g(a,b.b):u(b,void 0,function(b){q(a,b)},function(b){g(a,b)})}function q(a,b){if(a===b)g(a,new TypeError(&quot;You cannot resolve a promise with itself&quot;));else if(&quot;function&quot;===typeof b||&quot;object&quot;===typeof b&amp;&amp;null!==b)if(b.constructor===a.constructor)L(a," severity="W" />
		<issue line="19" char="195" reason="Expected an assignment or function call and instead saw an expression." evidence="l=0}function p(){}function J(a,b,c,d){try{a.call(b,c,d)}catch(e){return e}}function K(a,b,c){r(function(a){var e=!1,f=J(c,b,function(c){e||(e=!0,b!==c?q(a,c):m(a,c))},function(b){e||(e=!0,g(a,b))});!e&amp;&amp;f&amp;&amp;(e=!0,g(a,f))},a)}function L(a,b){1===b.a?m(a,b.b):2===a.a?g(a,b.b):u(b,void 0,function(b){q(a,b)},function(b){g(a,b)})}function q(a,b){if(a===b)g(a,new TypeError(&quot;You cannot resolve a promise with itself&quot;));else if(&quot;function&quot;===typeof b||&quot;object&quot;===typeof b&amp;&amp;null!==b)if(b.constructor===a.constructor)L(a," severity="W" />
		<issue line="19" char="196" reason="Missing semicolon." evidence="l=0}function p(){}function J(a,b,c,d){try{a.call(b,c,d)}catch(e){return e}}function K(a,b,c){r(function(a){var e=!1,f=J(c,b,function(c){e||(e=!0,b!==c?q(a,c):m(a,c))},function(b){e||(e=!0,g(a,b))});!e&amp;&amp;f&amp;&amp;(e=!0,g(a,f))},a)}function L(a,b){1===b.a?m(a,b.b):2===a.a?g(a,b.b):u(b,void 0,function(b){q(a,b)},function(b){g(a,b)})}function q(a,b){if(a===b)g(a,new TypeError(&quot;You cannot resolve a promise with itself&quot;));else if(&quot;function&quot;===typeof b||&quot;object&quot;===typeof b&amp;&amp;null!==b)if(b.constructor===a.constructor)L(a," severity="W" />
		<issue line="19" char="218" reason="Expected an assignment or function call and instead saw an expression." evidence="l=0}function p(){}function J(a,b,c,d){try{a.call(b,c,d)}catch(e){return e}}function K(a,b,c){r(function(a){var e=!1,f=J(c,b,function(c){e||(e=!0,b!==c?q(a,c):m(a,c))},function(b){e||(e=!0,g(a,b))});!e&amp;&amp;f&amp;&amp;(e=!0,g(a,f))},a)}function L(a,b){1===b.a?m(a,b.b):2===a.a?g(a,b.b):u(b,void 0,function(b){q(a,b)},function(b){g(a,b)})}function q(a,b){if(a===b)g(a,new TypeError(&quot;You cannot resolve a promise with itself&quot;));else if(&quot;function&quot;===typeof b||&quot;object&quot;===typeof b&amp;&amp;null!==b)if(b.constructor===a.constructor)L(a," severity="W" />
		<issue line="19" char="219" reason="Missing semicolon." evidence="l=0}function p(){}function J(a,b,c,d){try{a.call(b,c,d)}catch(e){return e}}function K(a,b,c){r(function(a){var e=!1,f=J(c,b,function(c){e||(e=!0,b!==c?q(a,c):m(a,c))},function(b){e||(e=!0,g(a,b))});!e&amp;&amp;f&amp;&amp;(e=!0,g(a,f))},a)}function L(a,b){1===b.a?m(a,b.b):2===a.a?g(a,b.b):u(b,void 0,function(b){q(a,b)},function(b){g(a,b)})}function q(a,b){if(a===b)g(a,new TypeError(&quot;You cannot resolve a promise with itself&quot;));else if(&quot;function&quot;===typeof b||&quot;object&quot;===typeof b&amp;&amp;null!==b)if(b.constructor===a.constructor)L(a," severity="W" />
		<issue line="19" char="223" reason="Missing semicolon." evidence="l=0}function p(){}function J(a,b,c,d){try{a.call(b,c,d)}catch(e){return e}}function K(a,b,c){r(function(a){var e=!1,f=J(c,b,function(c){e||(e=!0,b!==c?q(a,c):m(a,c))},function(b){e||(e=!0,g(a,b))});!e&amp;&amp;f&amp;&amp;(e=!0,g(a,f))},a)}function L(a,b){1===b.a?m(a,b.b):2===a.a?g(a,b.b):u(b,void 0,function(b){q(a,b)},function(b){g(a,b)})}function q(a,b){if(a===b)g(a,new TypeError(&quot;You cannot resolve a promise with itself&quot;));else if(&quot;function&quot;===typeof b||&quot;object&quot;===typeof b&amp;&amp;null!==b)if(b.constructor===a.constructor)L(a," severity="W" />
		<issue line="19" char="303" reason="Missing semicolon." evidence="l=0}function p(){}function J(a,b,c,d){try{a.call(b,c,d)}catch(e){return e}}function K(a,b,c){r(function(a){var e=!1,f=J(c,b,function(c){e||(e=!0,b!==c?q(a,c):m(a,c))},function(b){e||(e=!0,g(a,b))});!e&amp;&amp;f&amp;&amp;(e=!0,g(a,f))},a)}function L(a,b){1===b.a?m(a,b.b):2===a.a?g(a,b.b):u(b,void 0,function(b){q(a,b)},function(b){g(a,b)})}function q(a,b){if(a===b)g(a,new TypeError(&quot;You cannot resolve a promise with itself&quot;));else if(&quot;function&quot;===typeof b||&quot;object&quot;===typeof b&amp;&amp;null!==b)if(b.constructor===a.constructor)L(a," severity="W" />
		<issue line="19" char="323" reason="Missing semicolon." evidence="l=0}function p(){}function J(a,b,c,d){try{a.call(b,c,d)}catch(e){return e}}function K(a,b,c){r(function(a){var e=!1,f=J(c,b,function(c){e||(e=!0,b!==c?q(a,c):m(a,c))},function(b){e||(e=!0,g(a,b))});!e&amp;&amp;f&amp;&amp;(e=!0,g(a,f))},a)}function L(a,b){1===b.a?m(a,b.b):2===a.a?g(a,b.b):u(b,void 0,function(b){q(a,b)},function(b){g(a,b)})}function q(a,b){if(a===b)g(a,new TypeError(&quot;You cannot resolve a promise with itself&quot;));else if(&quot;function&quot;===typeof b||&quot;object&quot;===typeof b&amp;&amp;null!==b)if(b.constructor===a.constructor)L(a," severity="W" />
		<issue line="19" char="324" reason="Expected an assignment or function call and instead saw an expression." evidence="l=0}function p(){}function J(a,b,c,d){try{a.call(b,c,d)}catch(e){return e}}function K(a,b,c){r(function(a){var e=!1,f=J(c,b,function(c){e||(e=!0,b!==c?q(a,c):m(a,c))},function(b){e||(e=!0,g(a,b))});!e&amp;&amp;f&amp;&amp;(e=!0,g(a,f))},a)}function L(a,b){1===b.a?m(a,b.b):2===a.a?g(a,b.b):u(b,void 0,function(b){q(a,b)},function(b){g(a,b)})}function q(a,b){if(a===b)g(a,new TypeError(&quot;You cannot resolve a promise with itself&quot;));else if(&quot;function&quot;===typeof b||&quot;object&quot;===typeof b&amp;&amp;null!==b)if(b.constructor===a.constructor)L(a," severity="W" />
		<issue line="19" char="325" reason="Missing semicolon." evidence="l=0}function p(){}function J(a,b,c,d){try{a.call(b,c,d)}catch(e){return e}}function K(a,b,c){r(function(a){var e=!1,f=J(c,b,function(c){e||(e=!0,b!==c?q(a,c):m(a,c))},function(b){e||(e=!0,g(a,b))});!e&amp;&amp;f&amp;&amp;(e=!0,g(a,f))},a)}function L(a,b){1===b.a?m(a,b.b):2===a.a?g(a,b.b):u(b,void 0,function(b){q(a,b)},function(b){g(a,b)})}function q(a,b){if(a===b)g(a,new TypeError(&quot;You cannot resolve a promise with itself&quot;));else if(&quot;function&quot;===typeof b||&quot;object&quot;===typeof b&amp;&amp;null!==b)if(b.constructor===a.constructor)L(a," severity="W" />
		<issue line="20" char="27" reason="Missing semicolon." evidence="b);else{var c;try{c=b.then}catch(d){v.error=d,c=v}c===v?g(a,v.error):void 0===c?m(a,b):s(c)?K(a,b,c):m(a,b)}else m(a,b)}function M(a){a.f&amp;&amp;a.f(a.b);x(a)}function m(a,b){void 0===a.a&amp;&amp;(a.b=b,a.a=1,0!==a.e.length&amp;&amp;r(x,a))}function g(a,b){void 0===a.a&amp;&amp;(a.a=2,a.b=b,r(M,a))}function u(a,b,c,d){var e=a.e,f=e.length;a.f=null;e[f]=b;e[f+1]=c;e[f+2]=d;0===f&amp;&amp;a.a&amp;&amp;r(x,a)}function x(a){var b=a.e,c=a.a;if(0!==b.length){for(var d,e,f=a.b,g=0;g&lt;b.length;g+=3)d=b[g],e=b[g+c],d?C(c,d,e,f):e(f);a.e.length=0}}function D(){this.error=" severity="W" />
		<issue line="20" char="49" reason="Expected an assignment or function call and instead saw an expression." evidence="b);else{var c;try{c=b.then}catch(d){v.error=d,c=v}c===v?g(a,v.error):void 0===c?m(a,b):s(c)?K(a,b,c):m(a,b)}else m(a,b)}function M(a){a.f&amp;&amp;a.f(a.b);x(a)}function m(a,b){void 0===a.a&amp;&amp;(a.b=b,a.a=1,0!==a.e.length&amp;&amp;r(x,a))}function g(a,b){void 0===a.a&amp;&amp;(a.a=2,a.b=b,r(M,a))}function u(a,b,c,d){var e=a.e,f=e.length;a.f=null;e[f]=b;e[f+1]=c;e[f+2]=d;0===f&amp;&amp;a.a&amp;&amp;r(x,a)}function x(a){var b=a.e,c=a.a;if(0!==b.length){for(var d,e,f=a.b,g=0;g&lt;b.length;g+=3)d=b[g],e=b[g+c],d?C(c,d,e,f):e(f);a.e.length=0}}function D(){this.error=" severity="W" />
		<issue line="20" char="50" reason="Missing semicolon." evidence="b);else{var c;try{c=b.then}catch(d){v.error=d,c=v}c===v?g(a,v.error):void 0===c?m(a,b):s(c)?K(a,b,c):m(a,b)}else m(a,b)}function M(a){a.f&amp;&amp;a.f(a.b);x(a)}function m(a,b){void 0===a.a&amp;&amp;(a.b=b,a.a=1,0!==a.e.length&amp;&amp;r(x,a))}function g(a,b){void 0===a.a&amp;&amp;(a.a=2,a.b=b,r(M,a))}function u(a,b,c,d){var e=a.e,f=e.length;a.f=null;e[f]=b;e[f+1]=c;e[f+2]=d;0===f&amp;&amp;a.a&amp;&amp;r(x,a)}function x(a){var b=a.e,c=a.a;if(0!==b.length){for(var d,e,f=a.b,g=0;g&lt;b.length;g+=3)d=b[g],e=b[g+c],d?C(c,d,e,f):e(f);a.e.length=0}}function D(){this.error=" severity="W" />
		<issue line="20" char="107" reason="Expected an assignment or function call and instead saw an expression." evidence="b);else{var c;try{c=b.then}catch(d){v.error=d,c=v}c===v?g(a,v.error):void 0===c?m(a,b):s(c)?K(a,b,c):m(a,b)}else m(a,b)}function M(a){a.f&amp;&amp;a.f(a.b);x(a)}function m(a,b){void 0===a.a&amp;&amp;(a.b=b,a.a=1,0!==a.e.length&amp;&amp;r(x,a))}function g(a,b){void 0===a.a&amp;&amp;(a.a=2,a.b=b,r(M,a))}function u(a,b,c,d){var e=a.e,f=e.length;a.f=null;e[f]=b;e[f+1]=c;e[f+2]=d;0===f&amp;&amp;a.a&amp;&amp;r(x,a)}function x(a){var b=a.e,c=a.a;if(0!==b.length){for(var d,e,f=a.b,g=0;g&lt;b.length;g+=3)d=b[g],e=b[g+c],d?C(c,d,e,f):e(f);a.e.length=0}}function D(){this.error=" severity="W" />
		<issue line="20" char="108" reason="Missing semicolon." evidence="b);else{var c;try{c=b.then}catch(d){v.error=d,c=v}c===v?g(a,v.error):void 0===c?m(a,b):s(c)?K(a,b,c):m(a,b)}else m(a,b)}function M(a){a.f&amp;&amp;a.f(a.b);x(a)}function m(a,b){void 0===a.a&amp;&amp;(a.b=b,a.a=1,0!==a.e.length&amp;&amp;r(x,a))}function g(a,b){void 0===a.a&amp;&amp;(a.a=2,a.b=b,r(M,a))}function u(a,b,c,d){var e=a.e,f=e.length;a.f=null;e[f]=b;e[f+1]=c;e[f+2]=d;0===f&amp;&amp;a.a&amp;&amp;r(x,a)}function x(a){var b=a.e,c=a.a;if(0!==b.length){for(var d,e,f=a.b,g=0;g&lt;b.length;g+=3)d=b[g],e=b[g+c],d?C(c,d,e,f):e(f);a.e.length=0}}function D(){this.error=" severity="W" />
		<issue line="20" char="120" reason="Missing semicolon." evidence="b);else{var c;try{c=b.then}catch(d){v.error=d,c=v}c===v?g(a,v.error):void 0===c?m(a,b):s(c)?K(a,b,c):m(a,b)}else m(a,b)}function M(a){a.f&amp;&amp;a.f(a.b);x(a)}function m(a,b){void 0===a.a&amp;&amp;(a.b=b,a.a=1,0!==a.e.length&amp;&amp;r(x,a))}function g(a,b){void 0===a.a&amp;&amp;(a.a=2,a.b=b,r(M,a))}function u(a,b,c,d){var e=a.e,f=e.length;a.f=null;e[f]=b;e[f+1]=c;e[f+2]=d;0===f&amp;&amp;a.a&amp;&amp;r(x,a)}function x(a){var b=a.e,c=a.a;if(0!==b.length){for(var d,e,f=a.b,g=0;g&lt;b.length;g+=3)d=b[g],e=b[g+c],d?C(c,d,e,f):e(f);a.e.length=0}}function D(){this.error=" severity="W" />
		<issue line="20" char="147" reason="Expected an assignment or function call and instead saw an expression." evidence="b);else{var c;try{c=b.then}catch(d){v.error=d,c=v}c===v?g(a,v.error):void 0===c?m(a,b):s(c)?K(a,b,c):m(a,b)}else m(a,b)}function M(a){a.f&amp;&amp;a.f(a.b);x(a)}function m(a,b){void 0===a.a&amp;&amp;(a.b=b,a.a=1,0!==a.e.length&amp;&amp;r(x,a))}function g(a,b){void 0===a.a&amp;&amp;(a.a=2,a.b=b,r(M,a))}function u(a,b,c,d){var e=a.e,f=e.length;a.f=null;e[f]=b;e[f+1]=c;e[f+2]=d;0===f&amp;&amp;a.a&amp;&amp;r(x,a)}function x(a){var b=a.e,c=a.a;if(0!==b.length){for(var d,e,f=a.b,g=0;g&lt;b.length;g+=3)d=b[g],e=b[g+c],d?C(c,d,e,f):e(f);a.e.length=0}}function D(){this.error=" severity="W" />
		<issue line="20" char="153" reason="Missing semicolon." evidence="b);else{var c;try{c=b.then}catch(d){v.error=d,c=v}c===v?g(a,v.error):void 0===c?m(a,b):s(c)?K(a,b,c):m(a,b)}else m(a,b)}function M(a){a.f&amp;&amp;a.f(a.b);x(a)}function m(a,b){void 0===a.a&amp;&amp;(a.b=b,a.a=1,0!==a.e.length&amp;&amp;r(x,a))}function g(a,b){void 0===a.a&amp;&amp;(a.a=2,a.b=b,r(M,a))}function u(a,b,c,d){var e=a.e,f=e.length;a.f=null;e[f]=b;e[f+1]=c;e[f+2]=d;0===f&amp;&amp;a.a&amp;&amp;r(x,a)}function x(a){var b=a.e,c=a.a;if(0!==b.length){for(var d,e,f=a.b,g=0;g&lt;b.length;g+=3)d=b[g],e=b[g+c],d?C(c,d,e,f):e(f);a.e.length=0}}function D(){this.error=" severity="W" />
		<issue line="20" char="219" reason="Expected an assignment or function call and instead saw an expression." evidence="b);else{var c;try{c=b.then}catch(d){v.error=d,c=v}c===v?g(a,v.error):void 0===c?m(a,b):s(c)?K(a,b,c):m(a,b)}else m(a,b)}function M(a){a.f&amp;&amp;a.f(a.b);x(a)}function m(a,b){void 0===a.a&amp;&amp;(a.b=b,a.a=1,0!==a.e.length&amp;&amp;r(x,a))}function g(a,b){void 0===a.a&amp;&amp;(a.a=2,a.b=b,r(M,a))}function u(a,b,c,d){var e=a.e,f=e.length;a.f=null;e[f]=b;e[f+1]=c;e[f+2]=d;0===f&amp;&amp;a.a&amp;&amp;r(x,a)}function x(a){var b=a.e,c=a.a;if(0!==b.length){for(var d,e,f=a.b,g=0;g&lt;b.length;g+=3)d=b[g],e=b[g+c],d?C(c,d,e,f):e(f);a.e.length=0}}function D(){this.error=" severity="W" />
		<issue line="20" char="220" reason="Missing semicolon." evidence="b);else{var c;try{c=b.then}catch(d){v.error=d,c=v}c===v?g(a,v.error):void 0===c?m(a,b):s(c)?K(a,b,c):m(a,b)}else m(a,b)}function M(a){a.f&amp;&amp;a.f(a.b);x(a)}function m(a,b){void 0===a.a&amp;&amp;(a.b=b,a.a=1,0!==a.e.length&amp;&amp;r(x,a))}function g(a,b){void 0===a.a&amp;&amp;(a.a=2,a.b=b,r(M,a))}function u(a,b,c,d){var e=a.e,f=e.length;a.f=null;e[f]=b;e[f+1]=c;e[f+2]=d;0===f&amp;&amp;a.a&amp;&amp;r(x,a)}function x(a){var b=a.e,c=a.a;if(0!==b.length){for(var d,e,f=a.b,g=0;g&lt;b.length;g+=3)d=b[g],e=b[g+c],d?C(c,d,e,f):e(f);a.e.length=0}}function D(){this.error=" severity="W" />
		<issue line="20" char="270" reason="Expected an assignment or function call and instead saw an expression." evidence="b);else{var c;try{c=b.then}catch(d){v.error=d,c=v}c===v?g(a,v.error):void 0===c?m(a,b):s(c)?K(a,b,c):m(a,b)}else m(a,b)}function M(a){a.f&amp;&amp;a.f(a.b);x(a)}function m(a,b){void 0===a.a&amp;&amp;(a.b=b,a.a=1,0!==a.e.length&amp;&amp;r(x,a))}function g(a,b){void 0===a.a&amp;&amp;(a.a=2,a.b=b,r(M,a))}function u(a,b,c,d){var e=a.e,f=e.length;a.f=null;e[f]=b;e[f+1]=c;e[f+2]=d;0===f&amp;&amp;a.a&amp;&amp;r(x,a)}function x(a){var b=a.e,c=a.a;if(0!==b.length){for(var d,e,f=a.b,g=0;g&lt;b.length;g+=3)d=b[g],e=b[g+c],d?C(c,d,e,f):e(f);a.e.length=0}}function D(){this.error=" severity="W" />
		<issue line="20" char="271" reason="Missing semicolon." evidence="b);else{var c;try{c=b.then}catch(d){v.error=d,c=v}c===v?g(a,v.error):void 0===c?m(a,b):s(c)?K(a,b,c):m(a,b)}else m(a,b)}function M(a){a.f&amp;&amp;a.f(a.b);x(a)}function m(a,b){void 0===a.a&amp;&amp;(a.b=b,a.a=1,0!==a.e.length&amp;&amp;r(x,a))}function g(a,b){void 0===a.a&amp;&amp;(a.a=2,a.b=b,r(M,a))}function u(a,b,c,d){var e=a.e,f=e.length;a.f=null;e[f]=b;e[f+1]=c;e[f+2]=d;0===f&amp;&amp;a.a&amp;&amp;r(x,a)}function x(a){var b=a.e,c=a.a;if(0!==b.length){for(var d,e,f=a.b,g=0;g&lt;b.length;g+=3)d=b[g],e=b[g+c],d?C(c,d,e,f):e(f);a.e.length=0}}function D(){this.error=" severity="W" />
		<issue line="20" char="364" reason="Expected an assignment or function call and instead saw an expression." evidence="b);else{var c;try{c=b.then}catch(d){v.error=d,c=v}c===v?g(a,v.error):void 0===c?m(a,b):s(c)?K(a,b,c):m(a,b)}else m(a,b)}function M(a){a.f&amp;&amp;a.f(a.b);x(a)}function m(a,b){void 0===a.a&amp;&amp;(a.b=b,a.a=1,0!==a.e.length&amp;&amp;r(x,a))}function g(a,b){void 0===a.a&amp;&amp;(a.a=2,a.b=b,r(M,a))}function u(a,b,c,d){var e=a.e,f=e.length;a.f=null;e[f]=b;e[f+1]=c;e[f+2]=d;0===f&amp;&amp;a.a&amp;&amp;r(x,a)}function x(a){var b=a.e,c=a.a;if(0!==b.length){for(var d,e,f=a.b,g=0;g&lt;b.length;g+=3)d=b[g],e=b[g+c],d?C(c,d,e,f):e(f);a.e.length=0}}function D(){this.error=" severity="W" />
		<issue line="20" char="365" reason="Missing semicolon." evidence="b);else{var c;try{c=b.then}catch(d){v.error=d,c=v}c===v?g(a,v.error):void 0===c?m(a,b):s(c)?K(a,b,c):m(a,b)}else m(a,b)}function M(a){a.f&amp;&amp;a.f(a.b);x(a)}function m(a,b){void 0===a.a&amp;&amp;(a.b=b,a.a=1,0!==a.e.length&amp;&amp;r(x,a))}function g(a,b){void 0===a.a&amp;&amp;(a.a=2,a.b=b,r(M,a))}function u(a,b,c,d){var e=a.e,f=e.length;a.f=null;e[f]=b;e[f+1]=c;e[f+2]=d;0===f&amp;&amp;a.a&amp;&amp;r(x,a)}function x(a){var b=a.e,c=a.a;if(0!==b.length){for(var d,e,f=a.b,g=0;g&lt;b.length;g+=3)d=b[g],e=b[g+c],d?C(c,d,e,f):e(f);a.e.length=0}}function D(){this.error=" severity="W" />
		<issue line="20" char="483" reason="Expected an assignment or function call and instead saw an expression." evidence="b);else{var c;try{c=b.then}catch(d){v.error=d,c=v}c===v?g(a,v.error):void 0===c?m(a,b):s(c)?K(a,b,c):m(a,b)}else m(a,b)}function M(a){a.f&amp;&amp;a.f(a.b);x(a)}function m(a,b){void 0===a.a&amp;&amp;(a.b=b,a.a=1,0!==a.e.length&amp;&amp;r(x,a))}function g(a,b){void 0===a.a&amp;&amp;(a.a=2,a.b=b,r(M,a))}function u(a,b,c,d){var e=a.e,f=e.length;a.f=null;e[f]=b;e[f+1]=c;e[f+2]=d;0===f&amp;&amp;a.a&amp;&amp;r(x,a)}function x(a){var b=a.e,c=a.a;if(0!==b.length){for(var d,e,f=a.b,g=0;g&lt;b.length;g+=3)d=b[g],e=b[g+c],d?C(c,d,e,f):e(f);a.e.length=0}}function D(){this.error=" severity="W" />
		<issue line="20" char="497" reason="Missing semicolon." evidence="b);else{var c;try{c=b.then}catch(d){v.error=d,c=v}c===v?g(a,v.error):void 0===c?m(a,b):s(c)?K(a,b,c):m(a,b)}else m(a,b)}function M(a){a.f&amp;&amp;a.f(a.b);x(a)}function m(a,b){void 0===a.a&amp;&amp;(a.b=b,a.a=1,0!==a.e.length&amp;&amp;r(x,a))}function g(a,b){void 0===a.a&amp;&amp;(a.a=2,a.b=b,r(M,a))}function u(a,b,c,d){var e=a.e,f=e.length;a.f=null;e[f]=b;e[f+1]=c;e[f+2]=d;0===f&amp;&amp;a.a&amp;&amp;r(x,a)}function x(a){var b=a.e,c=a.a;if(0!==b.length){for(var d,e,f=a.b,g=0;g&lt;b.length;g+=3)d=b[g],e=b[g+c],d?C(c,d,e,f):e(f);a.e.length=0}}function D(){this.error=" severity="W" />
		<issue line="21" char="5" reason="Missing semicolon." evidence="null}function C(a,b,c,d){var e=s(c),f,k,h,l;if(e){try{f=c(d)}catch(n){y.error=n,f=y}f===y?(l=!0,k=f.error,f=null):h=!0;if(b===f){g(b,new TypeError(&quot;A promises callback cannot return that same promise.&quot;));return}}else f=d,h=!0;void 0===b.a&amp;&amp;(e&amp;&amp;h?q(b,f):l?g(b,k):1===a?m(b,f):2===a&amp;&amp;g(b,f))}function N(a,b){try{b(function(b){q(a,b)},function(b){g(a,b)})}catch(c){g(a,c)}}function k(a,b,c,d){this.n=a;this.c=new a(p,d);this.i=c;this.o(b)?(this.m=b,this.d=this.length=b.length,this.l(),0===this.length?m(this.c," severity="W" />
		<issue line="21" char="61" reason="Missing semicolon." evidence="null}function C(a,b,c,d){var e=s(c),f,k,h,l;if(e){try{f=c(d)}catch(n){y.error=n,f=y}f===y?(l=!0,k=f.error,f=null):h=!0;if(b===f){g(b,new TypeError(&quot;A promises callback cannot return that same promise.&quot;));return}}else f=d,h=!0;void 0===b.a&amp;&amp;(e&amp;&amp;h?q(b,f):l?g(b,k):1===a?m(b,f):2===a&amp;&amp;g(b,f))}function N(a,b){try{b(function(b){q(a,b)},function(b){g(a,b)})}catch(c){g(a,c)}}function k(a,b,c,d){this.n=a;this.c=new a(p,d);this.i=c;this.o(b)?(this.m=b,this.d=this.length=b.length,this.l(),0===this.length?m(this.c," severity="W" />
		<issue line="21" char="83" reason="Expected an assignment or function call and instead saw an expression." evidence="null}function C(a,b,c,d){var e=s(c),f,k,h,l;if(e){try{f=c(d)}catch(n){y.error=n,f=y}f===y?(l=!0,k=f.error,f=null):h=!0;if(b===f){g(b,new TypeError(&quot;A promises callback cannot return that same promise.&quot;));return}}else f=d,h=!0;void 0===b.a&amp;&amp;(e&amp;&amp;h?q(b,f):l?g(b,k):1===a?m(b,f):2===a&amp;&amp;g(b,f))}function N(a,b){try{b(function(b){q(a,b)},function(b){g(a,b)})}catch(c){g(a,c)}}function k(a,b,c,d){this.n=a;this.c=new a(p,d);this.i=c;this.o(b)?(this.m=b,this.d=this.length=b.length,this.l(),0===this.length?m(this.c," severity="W" />
		<issue line="21" char="84" reason="Missing semicolon." evidence="null}function C(a,b,c,d){var e=s(c),f,k,h,l;if(e){try{f=c(d)}catch(n){y.error=n,f=y}f===y?(l=!0,k=f.error,f=null):h=!0;if(b===f){g(b,new TypeError(&quot;A promises callback cannot return that same promise.&quot;));return}}else f=d,h=!0;void 0===b.a&amp;&amp;(e&amp;&amp;h?q(b,f):l?g(b,k):1===a?m(b,f):2===a&amp;&amp;g(b,f))}function N(a,b){try{b(function(b){q(a,b)},function(b){g(a,b)})}catch(c){g(a,c)}}function k(a,b,c,d){this.n=a;this.c=new a(p,d);this.i=c;this.o(b)?(this.m=b,this.d=this.length=b.length,this.l(),0===this.length?m(this.c," severity="W" />
		<issue line="21" char="118" reason="Expected an assignment or function call and instead saw an expression." evidence="null}function C(a,b,c,d){var e=s(c),f,k,h,l;if(e){try{f=c(d)}catch(n){y.error=n,f=y}f===y?(l=!0,k=f.error,f=null):h=!0;if(b===f){g(b,new TypeError(&quot;A promises callback cannot return that same promise.&quot;));return}}else f=d,h=!0;void 0===b.a&amp;&amp;(e&amp;&amp;h?q(b,f):l?g(b,k):1===a?m(b,f):2===a&amp;&amp;g(b,f))}function N(a,b){try{b(function(b){q(a,b)},function(b){g(a,b)})}catch(c){g(a,c)}}function k(a,b,c,d){this.n=a;this.c=new a(p,d);this.i=c;this.o(b)?(this.m=b,this.d=this.length=b.length,this.l(),0===this.length?m(this.c," severity="W" />
		<issue line="21" char="211" reason="Missing semicolon." evidence="null}function C(a,b,c,d){var e=s(c),f,k,h,l;if(e){try{f=c(d)}catch(n){y.error=n,f=y}f===y?(l=!0,k=f.error,f=null):h=!0;if(b===f){g(b,new TypeError(&quot;A promises callback cannot return that same promise.&quot;));return}}else f=d,h=!0;void 0===b.a&amp;&amp;(e&amp;&amp;h?q(b,f):l?g(b,k):1===a?m(b,f):2===a&amp;&amp;g(b,f))}function N(a,b){try{b(function(b){q(a,b)},function(b){g(a,b)})}catch(c){g(a,c)}}function k(a,b,c,d){this.n=a;this.c=new a(p,d);this.i=c;this.o(b)?(this.m=b,this.d=this.length=b.length,this.l(),0===this.length?m(this.c," severity="W" />
		<issue line="21" char="211" reason="Too many errors. (0% scanned)." evidence="" severity="E" />
	</file>
</jslint>

